Added Component: Designator=C1(470uF 50V Elektrolikit Kapasitör)
Added Component: Designator=C2(220uF 35V Elektrolikit Kapasitör)
Added Component: Designator=C3(33nF Kapasitör)
Added Component: Designator=D1(40V 5A Schottky Diyot)
Added Component: Designator=IC1(LM2596S)
Added Component: Designator=L1(68uH Ýndüktör)
Added Component: Designator=R1(10k SMD Direnç)
Added Component: Designator=TRI1(Düzenleyici Potansiyometre)
Added Pin To Net: NetName=GND Pin=C1--
Added Pin To Net: NetName=GND Pin=C2--
Added Pin To Net: NetName=GND Pin=D1-A
Added Pin To Net: NetName=GND Pin=R1-1
Added Pin To Net: NetName=GND Pin=IC1-3
Added Pin To Net: NetName=GND Pin=IC1-5
Added Net: Name=GND
Added Pin To Net: NetName=NetC3_1 Pin=C3-1
Added Pin To Net: NetName=NetC3_1 Pin=R1-2
Added Pin To Net: NetName=NetC3_1 Pin=TRI1-2
Added Pin To Net: NetName=NetC3_1 Pin=IC1-4
Added Net: Name=NetC3_1
Added Pin To Net: NetName=NetD1_K Pin=D1-K
Added Pin To Net: NetName=NetD1_K Pin=L1-1
Added Pin To Net: NetName=NetD1_K Pin=IC1-2
Added Net: Name=NetD1_K
Added Pin To Net: NetName=VCCin Pin=C1-+
Added Pin To Net: NetName=VCCin Pin=IC1-1
Added Net: Name=VCCin
Added Pin To Net: NetName=VCCout Pin=C2-+
Added Pin To Net: NetName=VCCout Pin=C3-2
Added Pin To Net: NetName=VCCout Pin=L1-2
Added Pin To Net: NetName=VCCout Pin=TRI1-1
Added Pin To Net: NetName=VCCout Pin=TRI1-3
Added Net: Name=VCCout
Added Class: Name=LM2596 Ayarlanabilir Buck Converter Þematik
Added Room: Name=LM2596 Ayarlanabilir Buck Converter Þematik
